3	3	path/elec_ordinateur_souris/image0003.jpg
5	0	path/argent_piece_monnaie/image0008.jpg
6	0	path/argent_piece_monnaie/image0001.jpg
0	3	path/elec_ordinateur_souris/image0002.jpg
0	2	path/briquet_plastique/image0001.jpg
6	3	path/elec_ordinateur_souris/image0000.jpg
5	5	path/vetements_montre/image0002.jpg
1	5	path/vetements_montre/image0008.jpg
7	3	path/elec_ordinateur_souris/image0006.jpg
2	3	path/elec_ordinateur_souris/image0004.jpg
3	4	path/food_tomates/image0001.jpg
0	1	path/boite_oeuf/image0001.jpg
3	2	path/briquet_plastique/image0004.jpg
6	4	path/food_tomates/image0007.jpg
5	4	path/food_tomates/image0003.jpg
4	3	path/elec_ordinateur_souris/image0008.jpg
4	2	path/briquet_plastique/image0005.jpg
7	1	path/boite_oeuf/image0003.jpg
1	4	path/food_tomates/image0005.jpg
2	2	path/briquet_plastique/image0009.jpg
3	0	path/argent_piece_monnaie/image0000.jpg
1	0	path/argent_piece_monnaie/image0007.jpg
1	1	path/boite_oeuf/image0006.jpg
5	3	path/elec_ordinateur_souris/image0007.jpg
6	5	path/vetements_montre/image0006.jpg
0	4	path/food_tomates/image0002.jpg
4	1	path/boite_oeuf/image0004.jpg
7	2	path/briquet_plastique/image0000.jpg
4	5	path/vetements_montre/image0003.jpg
6	1	path/boite_oeuf/image0009.jpg
1	2	path/briquet_plastique/image0007.jpg
5	1	path/boite_oeuf/image0000.jpg
7	4	path/food_tomates/image0008.jpg
2	5	path/vetements_montre/image0004.jpg
3	1	path/boite_oeuf/image0005.jpg
5	2	path/briquet_plastique/image0008.jpg
0	0	path/argent_piece_monnaie/image0009.jpg
1	3	path/elec_ordinateur_souris/image0005.jpg
3	5	path/vetements_montre/image0005.jpg
6	2	path/briquet_plastique/image0002.jpg
2	1	path/boite_oeuf/image0002.jpg
2	4	path/food_tomates/image0000.jpg
4	0	path/argent_piece_monnaie/image0003.jpg
7	0	path/argent_piece_monnaie/image0006.jpg
7	5	path/vetements_montre/image0000.jpg
2	0	path/argent_piece_monnaie/image0004.jpg
0	5	path/vetements_montre/image0001.jpg
4	4	path/food_tomates/image0006.jpg
